<?xml version="1.0" encoding="UTF-8"?>
<!-- Generated by org.testng.reporters.JUnitReportReporter -->
<testsuite hostname="VALOR-VP-212" failures="0" tests="1" name="runner.Runner" time="25.052" errors="0" timestamp="2022-12-19T17:27:59 IST" skipped="0">
  <testcase classname="runner.Runner" name="runScenario" time="25.052"/>
  <system-out/>
</testsuite> <!-- runner.Runner -->
